01:44:04 [09/10/2014] - DEV - +++ New Icarus Run +++
01:45:22 [09/10/2014] - DEV - AWT-EventQueue-0 :: Engine Starting
01:45:23 [09/10/2014] - DEV - Thread-9 :: Engine Thread ( FractalEngineThread) completed in 0.877s.
01:45:27 [09/10/2014] - DEV - Thread-4 :: Engine Thread ( SuperSampleEngineThread) completed in 3.374s.
01:45:31 [09/10/2014] - DEV - Thread-3 :: Engine Thread ( RenderingEngineThread) completed in 4.447s.
01:45:31 [09/10/2014] - DEV - Thread-3 :: Engine Stopped
01:46:11 [09/10/2014] - DEV - AWT-EventQueue-0 :: Engine Starting
01:46:11 [09/10/2014] - DEV - Thread-14 :: Engine Thread ( FractalEngineThread) completed in 0.681s.
01:46:17 [09/10/2014] - DEV - Thread-11 :: Engine Thread ( SuperSampleEngineThread) completed in 5.878s.
01:46:22 [09/10/2014] - DEV - Thread-10 :: Engine Thread ( RenderingEngineThread) completed in 4.856s.
01:46:22 [09/10/2014] - DEV - Thread-10 :: Engine Stopped
01:46:38 [09/10/2014] - DEV - AWT-EventQueue-0 :: Engine Starting
01:46:39 [09/10/2014] - DEV - Thread-21 :: Engine Thread ( FractalEngineThread) completed in 1.0s.
01:46:47 [09/10/2014] - DEV - Thread-18 :: Engine Thread ( SuperSampleEngineThread) completed in 8.356s.
01:46:52 [09/10/2014] - DEV - Thread-17 :: Engine Thread ( RenderingEngineThread) completed in 5.256s.
01:46:52 [09/10/2014] - DEV - Thread-17 :: Engine Stopped
01:47:10 [09/10/2014] - DEV - AWT-EventQueue-0 :: Engine Starting
01:47:12 [09/10/2014] - DEV - Thread-29 :: Engine Thread ( FractalEngineThread) completed in 1.162s.
01:47:22 [09/10/2014] - DEV - Thread-25 :: Engine Thread ( SuperSampleEngineThread) completed in 10.874s.
01:47:28 [09/10/2014] - DEV - Thread-24 :: Engine Thread ( RenderingEngineThread) completed in 5.275s.
01:47:28 [09/10/2014] - DEV - Thread-24 :: Engine Stopped
01:48:24 [09/10/2014] - DEV - AWT-EventQueue-0 :: Engine Starting
01:48:24 [09/10/2014] - DEV - Thread-33 :: Engine Starting
01:48:24 [09/10/2014] - DEV - Thread-33 :: Engine Starting
01:48:24 [09/10/2014] - DEV - Thread-33 :: Engine Starting
01:48:26 [09/10/2014] - DEV - Thread-51 :: Engine Thread ( FractalEngineThread) completed in 1.681s.
01:48:26 [09/10/2014] - DEV - Thread-46 :: Engine Thread ( FractalEngineThread) completed in 1.896s.
01:48:26 [09/10/2014] - DEV - Thread-49 :: Engine Thread ( SuperSampleEngineThread) completed in 0.406s.
01:48:26 [09/10/2014] - DEV - Thread-42 :: Engine Thread ( SuperSampleEngineThread) completed in 0.319s.
01:48:26 [09/10/2014] - DEV - Thread-40 :: Engine Thread ( FractalEngineThread) completed in 2.341s.
01:48:27 [09/10/2014] - DEV - Thread-35 :: Engine Thread ( SuperSampleEngineThread) completed in 0.16s.
01:48:27 [09/10/2014] - DEV - Thread-48 :: Engine Thread ( RenderingEngineThread) completed in 0.562s.
01:48:27 [09/10/2014] - DEV - Thread-48 :: Engine Stopped
01:48:27 [09/10/2014] - DEV - Thread-33 :: Engine Starting
01:48:27 [09/10/2014] - DEV - Thread-41 :: Engine Thread ( RenderingEngineThread) completed in 0.447s.
01:48:27 [09/10/2014] - DEV - Thread-41 :: Engine Stopped
01:48:27 [09/10/2014] - DEV - Thread-33 :: Engine Starting
01:48:27 [09/10/2014] - DEV - Thread-34 :: Engine Thread ( RenderingEngineThread) completed in 0.264s.
01:48:27 [09/10/2014] - DEV - Thread-34 :: Engine Stopped
01:48:27 [09/10/2014] - DEV - Thread-33 :: Engine Starting
01:48:28 [09/10/2014] - DEV - Thread-68 :: Engine Thread ( FractalEngineThread) completed in 1.545s.
01:48:28 [09/10/2014] - DEV - Thread-59 :: Engine Thread ( FractalEngineThread) completed in 1.723s.
01:48:29 [09/10/2014] - DEV - Thread-63 :: Engine Thread ( SuperSampleEngineThread) completed in 0.319s.
01:48:29 [09/10/2014] - DEV - Thread-74 :: Engine Thread ( FractalEngineThread) completed in 1.899s.
01:48:29 [09/10/2014] - DEV - Thread-56 :: Engine Thread ( SuperSampleEngineThread) completed in 0.423s.
01:48:29 [09/10/2014] - DEV - Thread-70 :: Engine Thread ( SuperSampleEngineThread) completed in 0.176s.
01:48:29 [09/10/2014] - DEV - Thread-62 :: Engine Thread ( RenderingEngineThread) completed in 0.605s.
01:48:29 [09/10/2014] - DEV - Thread-62 :: Engine Stopped
01:48:29 [09/10/2014] - DEV - Thread-33 :: Engine Starting
01:48:29 [09/10/2014] - DEV - Thread-55 :: Engine Thread ( RenderingEngineThread) completed in 0.356s.
01:48:29 [09/10/2014] - DEV - Thread-55 :: Engine Stopped
01:48:29 [09/10/2014] - DEV - Thread-33 :: Engine Starting
01:48:29 [09/10/2014] - DEV - Thread-69 :: Engine Thread ( RenderingEngineThread) completed in 0.35s.
01:48:29 [09/10/2014] - DEV - Thread-69 :: Engine Stopped
01:48:29 [09/10/2014] - DEV - Thread-33 :: Engine Starting
01:48:31 [09/10/2014] - DEV - Thread-80 :: Engine Thread ( FractalEngineThread) completed in 1.589s.
01:48:31 [09/10/2014] - DEV - Thread-93 :: Engine Thread ( FractalEngineThread) completed in 1.66s.
01:48:31 [09/10/2014] - DEV - Thread-91 :: Engine Thread ( SuperSampleEngineThread) completed in 0.045s.
01:48:31 [09/10/2014] - DEV - Thread-77 :: Engine Thread ( SuperSampleEngineThread) completed in 0.3s.
01:48:31 [09/10/2014] - DEV - Thread-87 :: Engine Thread ( FractalEngineThread) completed in 2.063s.
01:48:31 [09/10/2014] - DEV - Thread-84 :: Engine Thread ( SuperSampleEngineThread) completed in 0.206s.
01:48:32 [09/10/2014] - DEV - Thread-76 :: Engine Thread ( RenderingEngineThread) completed in 0.616s.
01:48:32 [09/10/2014] - DEV - Thread-76 :: Engine Stopped
01:48:32 [09/10/2014] - DEV - Thread-33 :: Engine Starting
01:48:32 [09/10/2014] - DEV - Thread-90 :: Engine Thread ( RenderingEngineThread) completed in 0.75s.
01:48:32 [09/10/2014] - DEV - Thread-90 :: Engine Stopped
01:48:32 [09/10/2014] - DEV - Thread-33 :: Engine Starting
01:48:32 [09/10/2014] - DEV - Thread-83 :: Engine Thread ( RenderingEngineThread) completed in 0.38s.
01:48:32 [09/10/2014] - DEV - Thread-83 :: Engine Stopped
01:48:32 [09/10/2014] - DEV - Thread-33 :: Engine Starting
01:48:33 [09/10/2014] - DEV - Thread-114 :: Engine Thread ( FractalEngineThread) completed in 1.381s.
01:48:33 [09/10/2014] - DEV - Thread-107 :: Engine Thread ( FractalEngineThread) completed in 1.677s.
01:48:33 [09/10/2014] - DEV - Thread-101 :: Engine Thread ( FractalEngineThread) completed in 1.804s.
01:48:34 [09/10/2014] - DEV - Thread-112 :: Engine Thread ( SuperSampleEngineThread) completed in 0.406s.
01:48:34 [09/10/2014] - DEV - Thread-98 :: Engine Thread ( SuperSampleEngineThread) completed in 0.283s.
01:48:34 [09/10/2014] - DEV - Thread-105 :: Engine Thread ( SuperSampleEngineThread) completed in 0.527s.
01:48:34 [09/10/2014] - DEV - Thread-111 :: Engine Thread ( RenderingEngineThread) completed in 0.425s.
01:48:34 [09/10/2014] - DEV - Thread-111 :: Engine Stopped
01:48:34 [09/10/2014] - DEV - Thread-33 :: Engine Starting
01:48:34 [09/10/2014] - DEV - Thread-104 :: Engine Thread ( RenderingEngineThread) completed in 0.19s.
01:48:34 [09/10/2014] - DEV - Thread-104 :: Engine Stopped
01:48:34 [09/10/2014] - DEV - Thread-33 :: Engine Starting
01:48:34 [09/10/2014] - DEV - Thread-97 :: Engine Thread ( RenderingEngineThread) completed in 0.321s.
01:48:34 [09/10/2014] - DEV - Thread-97 :: Engine Stopped
01:48:34 [09/10/2014] - DEV - Thread-33 :: Engine Starting
01:48:36 [09/10/2014] - DEV - Thread-128 :: Engine Thread ( FractalEngineThread) completed in 1.527s.
01:48:36 [09/10/2014] - DEV - Thread-122 :: Engine Thread ( FractalEngineThread) completed in 1.699s.
01:48:36 [09/10/2014] - DEV - Thread-126 :: Engine Thread ( SuperSampleEngineThread) completed in 0.299s.
01:48:36 [09/10/2014] - DEV - Thread-119 :: Engine Thread ( SuperSampleEngineThread) completed in 0.289s.
01:48:36 [09/10/2014] - DEV - Thread-135 :: Engine Thread ( FractalEngineThread) completed in 2.152s.
01:48:36 [09/10/2014] - DEV - Thread-133 :: Engine Thread ( SuperSampleEngineThread) completed in 0.075s.
01:48:37 [09/10/2014] - DEV - Thread-125 :: Engine Thread ( RenderingEngineThread) completed in 0.61s.
01:48:37 [09/10/2014] - DEV - Thread-125 :: Engine Stopped
01:48:37 [09/10/2014] - DEV - Thread-33 :: Engine Starting
01:48:37 [09/10/2014] - DEV - Thread-118 :: Engine Thread ( RenderingEngineThread) completed in 0.486s.
01:48:37 [09/10/2014] - DEV - Thread-118 :: Engine Stopped
01:48:37 [09/10/2014] - DEV - Thread-33 :: Engine Starting
01:48:37 [09/10/2014] - DEV - Thread-132 :: Engine Thread ( RenderingEngineThread) completed in 0.489s.
01:48:37 [09/10/2014] - DEV - Thread-132 :: Engine Stopped
01:48:37 [09/10/2014] - DEV - Thread-33 :: Engine Starting
01:48:38 [09/10/2014] - DEV - Thread-152 :: Engine Thread ( FractalEngineThread) completed in 1.459s.
01:48:38 [09/10/2014] - DEV - Thread-147 :: Engine Thread ( SuperSampleEngineThread) completed in 0.173s.
01:48:38 [09/10/2014] - DEV - Thread-142 :: Engine Thread ( FractalEngineThread) completed in 1.785s.
01:48:38 [09/10/2014] - DEV - Thread-140 :: Engine Thread ( SuperSampleEngineThread) completed in 0.05s.
01:48:38 [09/10/2014] - DEV - Thread-159 :: Engine Thread ( FractalEngineThread) completed in 1.623s.
01:48:39 [09/10/2014] - DEV - Thread-154 :: Engine Thread ( SuperSampleEngineThread) completed in 0.193s.
01:48:39 [09/10/2014] - DEV - Thread-146 :: Engine Thread ( RenderingEngineThread) completed in 0.626s.
01:48:39 [09/10/2014] - DEV - Thread-146 :: Engine Stopped
01:48:39 [09/10/2014] - DEV - Thread-33 :: Engine Starting
01:48:39 [09/10/2014] - DEV - Thread-139 :: Engine Thread ( RenderingEngineThread) completed in 0.516s.
01:48:39 [09/10/2014] - DEV - Thread-139 :: Engine Stopped
01:48:39 [09/10/2014] - DEV - Thread-33 :: Engine Starting
01:48:39 [09/10/2014] - DEV - Thread-153 :: Engine Thread ( RenderingEngineThread) completed in 0.388s.
01:48:39 [09/10/2014] - DEV - Thread-153 :: Engine Stopped
01:48:39 [09/10/2014] - DEV - Thread-33 :: Engine Starting
01:48:40 [09/10/2014] - DEV - Thread-163 :: Engine Thread ( FractalEngineThread) completed in 1.477s.
01:48:40 [09/10/2014] - DEV - Thread-161 :: Engine Thread ( SuperSampleEngineThread) completed in 0.056s.
01:48:41 [09/10/2014] - DEV - Thread-172 :: Engine Thread ( FractalEngineThread) completed in 1.711s.
01:48:41 [09/10/2014] - DEV - Thread-178 :: Engine Thread ( FractalEngineThread) completed in 1.749s.
01:48:41 [09/10/2014] - DEV - Thread-160 :: Engine Thread ( RenderingEngineThread) completed in 0.587s.
01:48:41 [09/10/2014] - DEV - Thread-160 :: Engine Stopped
01:48:41 [09/10/2014] - DEV - Thread-168 :: Engine Thread ( SuperSampleEngineThread) completed in 0.336s.
01:48:41 [09/10/2014] - DEV - Thread-33 :: Engine Starting
01:48:41 [09/10/2014] - DEV - Thread-175 :: Engine Thread ( SuperSampleEngineThread) completed in 0.317s.
01:48:41 [09/10/2014] - DEV - Thread-167 :: Engine Thread ( RenderingEngineThread) completed in 0.496s.
01:48:41 [09/10/2014] - DEV - Thread-167 :: Engine Stopped
01:48:41 [09/10/2014] - DEV - Thread-33 :: Engine Starting
01:48:41 [09/10/2014] - DEV - Thread-174 :: Engine Thread ( RenderingEngineThread) completed in 0.37s.
01:48:41 [09/10/2014] - DEV - Thread-174 :: Engine Stopped
01:48:41 [09/10/2014] - DEV - Thread-33 :: Engine Starting
01:48:43 [09/10/2014] - DEV - Thread-184 :: Engine Thread ( FractalEngineThread) completed in 1.586s.
01:48:43 [09/10/2014] - DEV - Thread-182 :: Engine Thread ( SuperSampleEngineThread) completed in 0.177s.
01:48:43 [09/10/2014] - DEV - Thread-200 :: Engine Thread ( FractalEngineThread) completed in 1.556s.
01:48:43 [09/10/2014] - DEV - Thread-196 :: Engine Thread ( SuperSampleEngineThread) completed in 0.172s.
01:48:43 [09/10/2014] - DEV - Thread-181 :: Engine Thread ( RenderingEngineThread) completed in 0.572s.
01:48:43 [09/10/2014] - DEV - Thread-181 :: Engine Stopped
01:48:43 [09/10/2014] - DEV - Thread-33 :: Engine Starting
01:48:44 [09/10/2014] - DEV - Thread-191 :: Engine Thread ( FractalEngineThread) completed in 2.069s.
01:48:44 [09/10/2014] - DEV - Thread-195 :: Engine Thread ( RenderingEngineThread) completed in 0.51s.
01:48:44 [09/10/2014] - DEV - Thread-195 :: Engine Stopped
01:48:44 [09/10/2014] - DEV - Thread-33 :: Engine Starting
01:48:44 [09/10/2014] - DEV - Thread-189 :: Engine Thread ( SuperSampleEngineThread) completed in 0.26s.
01:48:44 [09/10/2014] - DEV - Thread-188 :: Engine Thread ( RenderingEngineThread) completed in 0.387s.
01:48:44 [09/10/2014] - DEV - Thread-188 :: Engine Stopped
01:48:44 [09/10/2014] - DEV - Thread-33 :: Engine Starting
01:48:45 [09/10/2014] - DEV - Thread-205 :: Engine Thread ( FractalEngineThread) completed in 1.657s.
01:48:45 [09/10/2014] - DEV - Thread-203 :: Engine Thread ( SuperSampleEngineThread) completed in 0.184s.
01:48:45 [09/10/2014] - DEV - Thread-215 :: Engine Thread ( FractalEngineThread) completed in 1.775s.
01:48:46 [09/10/2014] - DEV - Thread-210 :: Engine Thread ( SuperSampleEngineThread) completed in 0.071s.
01:48:46 [09/10/2014] - DEV - Thread-202 :: Engine Thread ( RenderingEngineThread) completed in 0.368s.
01:48:46 [09/10/2014] - DEV - Thread-202 :: Engine Stopped
01:48:46 [09/10/2014] - DEV - Thread-33 :: Engine Starting
01:48:46 [09/10/2014] - DEV - Thread-222 :: Engine Thread ( FractalEngineThread) completed in 1.553s.
01:48:46 [09/10/2014] - DEV - Thread-217 :: Engine Thread ( SuperSampleEngineThread) completed in 0.23s.
01:48:46 [09/10/2014] - DEV - Thread-209 :: Engine Thread ( RenderingEngineThread) completed in 0.541s.
01:48:46 [09/10/2014] - DEV - Thread-209 :: Engine Stopped
01:48:46 [09/10/2014] - DEV - Thread-33 :: Engine Starting
01:48:46 [09/10/2014] - DEV - Thread-216 :: Engine Thread ( RenderingEngineThread) completed in 0.369s.
01:48:46 [09/10/2014] - DEV - Thread-216 :: Engine Stopped
01:48:46 [09/10/2014] - DEV - Thread-33 :: Engine Starting
01:48:47 [09/10/2014] - DEV - Thread-228 :: Engine Thread ( FractalEngineThread) completed in 1.763s.
01:48:48 [09/10/2014] - DEV - Thread-224 :: Engine Thread ( SuperSampleEngineThread) completed in 0.182s.
01:48:48 [09/10/2014] - DEV - Thread-234 :: Engine Thread ( FractalEngineThread) completed in 1.652s.
01:48:48 [09/10/2014] - DEV - Thread-231 :: Engine Thread ( SuperSampleEngineThread) completed in 0.174s.
01:48:48 [09/10/2014] - DEV - Thread-223 :: Engine Thread ( RenderingEngineThread) completed in 0.548s.
01:48:48 [09/10/2014] - DEV - Thread-223 :: Engine Stopped
01:48:48 [09/10/2014] - DEV - Thread-33 :: Engine Starting
01:48:48 [09/10/2014] - DEV - Thread-240 :: Engine Thread ( FractalEngineThread) completed in 1.855s.
01:48:48 [09/10/2014] - DEV - Thread-238 :: Engine Thread ( SuperSampleEngineThread) completed in 0.227s.
01:48:49 [09/10/2014] - DEV - Thread-230 :: Engine Thread ( RenderingEngineThread) completed in 0.643s.
01:48:49 [09/10/2014] - DEV - Thread-230 :: Engine Stopped
01:48:49 [09/10/2014] - DEV - Thread-33 :: Engine Starting
01:48:49 [09/10/2014] - DEV - Thread-237 :: Engine Thread ( RenderingEngineThread) completed in 0.373s.
01:48:49 [09/10/2014] - DEV - Thread-237 :: Engine Stopped
01:48:49 [09/10/2014] - DEV - Thread-33 :: Engine Starting
01:48:50 [09/10/2014] - DEV - Thread-249 :: Engine Thread ( FractalEngineThread) completed in 1.838s.
01:48:50 [09/10/2014] - DEV - Thread-245 :: Engine Thread ( SuperSampleEngineThread) completed in 0.176s.
01:48:50 [09/10/2014] - DEV - Thread-257 :: Engine Thread ( FractalEngineThread) completed in 1.794s.
01:48:51 [09/10/2014] - DEV - Thread-262 :: Engine Thread ( FractalEngineThread) completed in 1.786s.
01:48:51 [09/10/2014] - DEV - Thread-259 :: Engine Thread ( SuperSampleEngineThread) completed in 0.229s.
01:48:51 [09/10/2014] - DEV - Thread-252 :: Engine Thread ( SuperSampleEngineThread) completed in 0.589s.
01:48:51 [09/10/2014] - DEV - Thread-244 :: Engine Thread ( RenderingEngineThread) completed in 1.012s.
01:48:51 [09/10/2014] - DEV - Thread-244 :: Engine Stopped
01:48:51 [09/10/2014] - DEV - Thread-33 :: Engine Starting
01:48:51 [09/10/2014] - DEV - Thread-258 :: Engine Thread ( RenderingEngineThread) completed in 0.531s.
01:48:51 [09/10/2014] - DEV - Thread-258 :: Engine Stopped
01:48:51 [09/10/2014] - DEV - Thread-33 :: Engine Starting
01:48:51 [09/10/2014] - DEV - Thread-251 :: Engine Thread ( RenderingEngineThread) completed in 0.37s.
01:48:51 [09/10/2014] - DEV - Thread-251 :: Engine Stopped
01:48:51 [09/10/2014] - DEV - Thread-33 :: Engine Starting
01:48:53 [09/10/2014] - DEV - Thread-269 :: Engine Thread ( FractalEngineThread) completed in 1.493s.
01:48:53 [09/10/2014] - DEV - Thread-266 :: Engine Thread ( SuperSampleEngineThread) completed in 0.217s.
01:48:53 [09/10/2014] - DEV - Thread-282 :: Engine Thread ( FractalEngineThread) completed in 1.707s.
01:48:53 [09/10/2014] - DEV - Thread-280 :: Engine Thread ( SuperSampleEngineThread) completed in 0.174s.
01:48:53 [09/10/2014] - DEV - Thread-277 :: Engine Thread ( FractalEngineThread) completed in 2.04s.
01:48:54 [09/10/2014] - DEV - Thread-273 :: Engine Thread ( SuperSampleEngineThread) completed in 0.169s.
01:48:54 [09/10/2014] - DEV - Thread-265 :: Engine Thread ( RenderingEngineThread) completed in 0.838s.
01:48:54 [09/10/2014] - DEV - Thread-265 :: Engine Stopped
01:48:54 [09/10/2014] - DEV - Thread-33 :: Engine Starting
01:48:54 [09/10/2014] - DEV - Thread-279 :: Engine Thread ( RenderingEngineThread) completed in 0.619s.
01:48:54 [09/10/2014] - DEV - Thread-279 :: Engine Stopped
01:48:54 [09/10/2014] - DEV - Thread-33 :: Engine Starting
01:48:54 [09/10/2014] - DEV - Thread-272 :: Engine Thread ( RenderingEngineThread) completed in 0.489s.
01:48:54 [09/10/2014] - DEV - Thread-272 :: Engine Stopped
01:48:54 [09/10/2014] - DEV - Thread-33 :: Engine Starting
01:48:55 [09/10/2014] - DEV - Thread-290 :: Engine Thread ( FractalEngineThread) completed in 1.431s.
01:48:55 [09/10/2014] - DEV - Thread-287 :: Engine Thread ( SuperSampleEngineThread) completed in 0.236s.
01:48:56 [09/10/2014] - DEV - Thread-286 :: Engine Thread ( RenderingEngineThread) completed in 0.352s.
01:48:56 [09/10/2014] - DEV - Thread-286 :: Engine Stopped
01:48:56 [09/10/2014] - DEV - Thread-33 :: Engine Starting
01:48:56 [09/10/2014] - DEV - Thread-299 :: Engine Thread ( FractalEngineThread) completed in 1.895s.
01:48:56 [09/10/2014] - DEV - Thread-294 :: Engine Thread ( SuperSampleEngineThread) completed in 0.341s.
01:48:56 [09/10/2014] - DEV - Thread-306 :: Engine Thread ( FractalEngineThread) completed in 2.28s.
01:48:57 [09/10/2014] - DEV - Thread-301 :: Engine Thread ( SuperSampleEngineThread) completed in 0.199s.
01:48:57 [09/10/2014] - DEV - Thread-293 :: Engine Thread ( RenderingEngineThread) completed in 0.662s.
01:48:57 [09/10/2014] - DEV - Thread-293 :: Engine Stopped
01:48:57 [09/10/2014] - DEV - Thread-33 :: Engine Starting
01:48:57 [09/10/2014] - DEV - Thread-300 :: Engine Thread ( RenderingEngineThread) completed in 0.439s.
01:48:57 [09/10/2014] - DEV - Thread-300 :: Engine Stopped
01:48:57 [09/10/2014] - DEV - Thread-33 :: Engine Starting
01:48:58 [09/10/2014] - DEV - Thread-313 :: Engine Thread ( FractalEngineThread) completed in 2.344s.
01:48:58 [09/10/2014] - DEV - Thread-308 :: Engine Thread ( SuperSampleEngineThread) completed in 0.24s.
01:48:59 [09/10/2014] - DEV - Thread-317 :: Engine Thread ( FractalEngineThread) completed in 1.84s.
01:48:59 [09/10/2014] - DEV - Thread-315 :: Engine Thread ( SuperSampleEngineThread) completed in 0.245s.
01:48:59 [09/10/2014] - DEV - Thread-307 :: Engine Thread ( RenderingEngineThread) completed in 0.609s.
01:48:59 [09/10/2014] - DEV - Thread-307 :: Engine Stopped
01:48:59 [09/10/2014] - DEV - Thread-33 :: Engine Starting
01:48:59 [09/10/2014] - DEV - Thread-326 :: Engine Thread ( FractalEngineThread) completed in 2.012s.
01:48:59 [09/10/2014] - DEV - Thread-322 :: Engine Thread ( SuperSampleEngineThread) completed in 0.284s.
01:48:59 [09/10/2014] - DEV - Thread-314 :: Engine Thread ( RenderingEngineThread) completed in 0.618s.
01:48:59 [09/10/2014] - DEV - Thread-314 :: Engine Stopped
01:48:59 [09/10/2014] - DEV - Thread-33 :: Engine Starting
01:49:00 [09/10/2014] - DEV - Thread-321 :: Engine Thread ( RenderingEngineThread) completed in 0.366s.
01:49:00 [09/10/2014] - DEV - Thread-321 :: Engine Stopped
01:49:00 [09/10/2014] - DEV - Thread-33 :: Engine Starting
01:49:01 [09/10/2014] - DEV - Thread-331 :: Engine Thread ( FractalEngineThread) completed in 1.818s.
01:49:01 [09/10/2014] - DEV - Thread-338 :: Engine Thread ( FractalEngineThread) completed in 1.472s.
01:49:01 [09/10/2014] - DEV - Thread-329 :: Engine Thread ( SuperSampleEngineThread) completed in 0.314s.
01:49:01 [09/10/2014] - DEV - Thread-336 :: Engine Thread ( SuperSampleEngineThread) completed in 0.301s.
01:49:01 [09/10/2014] - DEV - Thread-328 :: Engine Thread ( RenderingEngineThread) completed in 0.443s.
01:49:01 [09/10/2014] - DEV - Thread-328 :: Engine Stopped
01:49:01 [09/10/2014] - DEV - Thread-33 :: Engine Starting
01:49:02 [09/10/2014] - DEV - Thread-335 :: Engine Thread ( RenderingEngineThread) completed in 0.327s.
01:49:02 [09/10/2014] - DEV - Thread-335 :: Engine Stopped
01:49:02 [09/10/2014] - DEV - Thread-33 :: Engine Starting
01:49:02 [09/10/2014] - DEV - Thread-346 :: Engine Thread ( FractalEngineThread) completed in 1.954s.
01:49:02 [09/10/2014] - DEV - Thread-343 :: Engine Thread ( SuperSampleEngineThread) completed in 0.268s.
01:49:02 [09/10/2014] - DEV - Thread-342 :: Engine Thread ( RenderingEngineThread) completed in 0.654s.
01:49:02 [09/10/2014] - DEV - Thread-342 :: Engine Stopped
01:49:02 [09/10/2014] - DEV - Thread-33 :: Engine Starting
01:49:03 [09/10/2014] - DEV - Thread-352 :: Engine Thread ( FractalEngineThread) completed in 1.672s.
01:49:03 [09/10/2014] - DEV - Thread-359 :: Engine Thread ( FractalEngineThread) completed in 1.791s.
01:49:04 [09/10/2014] - DEV - Thread-350 :: Engine Thread ( SuperSampleEngineThread) completed in 0.338s.
01:49:04 [09/10/2014] - DEV - Thread-357 :: Engine Thread ( SuperSampleEngineThread) completed in 0.377s.
01:49:04 [09/10/2014] - DEV - Thread-349 :: Engine Thread ( RenderingEngineThread) completed in 0.63s.
01:49:04 [09/10/2014] - DEV - Thread-349 :: Engine Stopped
01:49:04 [09/10/2014] - DEV - Thread-33 :: Engine Starting
01:49:04 [09/10/2014] - DEV - Thread-356 :: Engine Thread ( RenderingEngineThread) completed in 0.465s.
01:49:04 [09/10/2014] - DEV - Thread-356 :: Engine Stopped
01:49:04 [09/10/2014] - DEV - Thread-33 :: Engine Starting
01:49:04 [09/10/2014] - DEV - Thread-366 :: Engine Thread ( FractalEngineThread) completed in 2.005s.
01:49:05 [09/10/2014] - DEV - Thread-364 :: Engine Thread ( SuperSampleEngineThread) completed in 0.262s.
01:49:05 [09/10/2014] - DEV - Thread-363 :: Engine Thread ( RenderingEngineThread) completed in 0.402s.
01:49:05 [09/10/2014] - DEV - Thread-363 :: Engine Stopped
01:49:05 [09/10/2014] - DEV - Thread-33 :: Engine Starting
01:49:06 [09/10/2014] - DEV - Thread-382 :: Engine Thread ( FractalEngineThread) completed in 1.861s.
01:49:06 [09/10/2014] - DEV - Thread-378 :: Engine Thread ( SuperSampleEngineThread) completed in 0.171s.
01:49:06 [09/10/2014] - DEV - Thread-375 :: Engine Thread ( FractalEngineThread) completed in 2.227s.
01:49:07 [09/10/2014] - DEV - Thread-371 :: Engine Thread ( SuperSampleEngineThread) completed in 0.222s.
01:49:07 [09/10/2014] - DEV - Thread-377 :: Engine Thread ( RenderingEngineThread) completed in 0.499s.
01:49:07 [09/10/2014] - DEV - Thread-377 :: Engine Stopped
01:49:07 [09/10/2014] - DEV - Thread-33 :: Engine Starting
01:49:07 [09/10/2014] - DEV - Thread-388 :: Engine Thread ( FractalEngineThread) completed in 1.61s.
01:49:07 [09/10/2014] - DEV - Thread-385 :: Engine Thread ( SuperSampleEngineThread) completed in 0.294s.
01:49:07 [09/10/2014] - DEV - Thread-370 :: Engine Thread ( RenderingEngineThread) completed in 0.689s.
01:49:07 [09/10/2014] - DEV - Thread-370 :: Engine Stopped
01:49:07 [09/10/2014] - DEV - Thread-33 :: Engine Starting
01:49:08 [09/10/2014] - DEV - Thread-384 :: Engine Thread ( RenderingEngineThread) completed in 0.513s.
01:49:08 [09/10/2014] - DEV - Thread-384 :: Engine Stopped
01:49:08 [09/10/2014] - DEV - Thread-33 :: Engine Starting
01:49:09 [09/10/2014] - DEV - Thread-397 :: Engine Thread ( FractalEngineThread) completed in 1.907s.
01:49:09 [09/10/2014] - DEV - Thread-392 :: Engine Thread ( SuperSampleEngineThread) completed in 0.18s.
01:49:09 [09/10/2014] - DEV - Thread-408 :: Engine Thread ( FractalEngineThread) completed in 1.453s.
01:49:09 [09/10/2014] - DEV - Thread-406 :: Engine Thread ( SuperSampleEngineThread) completed in 0.176s.
01:49:09 [09/10/2014] - DEV - Thread-401 :: Engine Thread ( FractalEngineThread) completed in 2.082s.
01:49:10 [09/10/2014] - DEV - Thread-391 :: Engine Thread ( RenderingEngineThread) completed in 0.717s.
01:49:10 [09/10/2014] - DEV - Thread-391 :: Engine Stopped
01:49:10 [09/10/2014] - DEV - Thread-33 :: Engine Starting
01:49:10 [09/10/2014] - DEV - Thread-399 :: Engine Thread ( SuperSampleEngineThread) completed in 0.173s.
01:49:10 [09/10/2014] - DEV - Thread-405 :: Engine Thread ( RenderingEngineThread) completed in 0.486s.
01:49:10 [09/10/2014] - DEV - Thread-405 :: Engine Stopped
01:49:10 [09/10/2014] - DEV - Thread-33 :: Engine Starting
01:49:10 [09/10/2014] - DEV - Thread-398 :: Engine Thread ( RenderingEngineThread) completed in 0.275s.
01:49:10 [09/10/2014] - DEV - Thread-398 :: Engine Stopped
01:49:10 [09/10/2014] - DEV - Thread-33 :: Engine Starting
01:49:11 [09/10/2014] - DEV - Thread-418 :: Engine Thread ( FractalEngineThread) completed in 1.602s.
01:49:11 [09/10/2014] - DEV - Thread-413 :: Engine Thread ( SuperSampleEngineThread) completed in 0.297s.
01:49:12 [09/10/2014] - DEV - Thread-425 :: Engine Thread ( FractalEngineThread) completed in 1.937s.
01:49:12 [09/10/2014] - DEV - Thread-420 :: Engine Thread ( SuperSampleEngineThread) completed in 0.187s.
01:49:12 [09/10/2014] - DEV - Thread-429 :: Engine Thread ( FractalEngineThread) completed in 2.06s.
01:49:12 [09/10/2014] - DEV - Thread-412 :: Engine Thread ( RenderingEngineThread) completed in 0.61s.
01:49:12 [09/10/2014] - DEV - Thread-412 :: Engine Stopped
01:49:12 [09/10/2014] - DEV - Thread-33 :: Engine Starting
01:49:12 [09/10/2014] - DEV - Thread-427 :: Engine Thread ( SuperSampleEngineThread) completed in 0.191s.
01:49:12 [09/10/2014] - DEV - Thread-419 :: Engine Thread ( RenderingEngineThread) completed in 0.501s.
01:49:12 [09/10/2014] - DEV - Thread-419 :: Engine Stopped
01:49:12 [09/10/2014] - DEV - Thread-33 :: Engine Starting
01:49:12 [09/10/2014] - DEV - Thread-426 :: Engine Thread ( RenderingEngineThread) completed in 0.385s.
01:49:12 [09/10/2014] - DEV - Thread-426 :: Engine Stopped
01:49:12 [09/10/2014] - DEV - Thread-33 :: Engine Starting
01:49:14 [09/10/2014] - DEV - Thread-436 :: Engine Thread ( FractalEngineThread) completed in 1.724s.
01:49:14 [09/10/2014] - DEV - Thread-434 :: Engine Thread ( SuperSampleEngineThread) completed in 0.221s.
01:49:14 [09/10/2014] - DEV - Thread-445 :: Engine Thread ( FractalEngineThread) completed in 1.898s.
01:49:14 [09/10/2014] - DEV - Thread-451 :: Engine Thread ( FractalEngineThread) completed in 1.971s.
01:49:15 [09/10/2014] - DEV - Thread-441 :: Engine Thread ( SuperSampleEngineThread) completed in 0.349s.
01:49:15 [09/10/2014] - DEV - Thread-448 :: Engine Thread ( SuperSampleEngineThread) completed in 0.299s.
01:49:15 [09/10/2014] - DEV - Thread-433 :: Engine Thread ( RenderingEngineThread) completed in 0.898s.
01:49:15 [09/10/2014] - DEV - Thread-433 :: Engine Stopped
01:49:15 [09/10/2014] - DEV - Thread-33 :: Engine Starting
01:49:15 [09/10/2014] - DEV - Thread-440 :: Engine Thread ( RenderingEngineThread) completed in 0.489s.
01:49:15 [09/10/2014] - DEV - Thread-440 :: Engine Stopped
01:49:15 [09/10/2014] - DEV - Thread-33 :: Engine Starting
01:49:15 [09/10/2014] - DEV - Thread-447 :: Engine Thread ( RenderingEngineThread) completed in 0.345s.
01:49:15 [09/10/2014] - DEV - Thread-447 :: Engine Stopped
01:49:15 [09/10/2014] - DEV - Thread-33 :: Engine Starting
01:49:16 [09/10/2014] - DEV - Thread-457 :: Engine Thread ( FractalEngineThread) completed in 1.314s.
01:49:16 [09/10/2014] - DEV - Thread-455 :: Engine Thread ( SuperSampleEngineThread) completed in 0.238s.
01:49:17 [09/10/2014] - DEV - Thread-464 :: Engine Thread ( FractalEngineThread) completed in 1.705s.
01:49:17 [09/10/2014] - DEV - Thread-462 :: Engine Thread ( SuperSampleEngineThread) completed in 0.256s.
01:49:17 [09/10/2014] - DEV - Thread-454 :: Engine Thread ( RenderingEngineThread) completed in 0.791s.
01:49:17 [09/10/2014] - DEV - Thread-454 :: Engine Stopped
01:49:17 [09/10/2014] - DEV - Thread-33 :: Engine Starting
01:49:17 [09/10/2014] - DEV - Thread-474 :: Engine Thread ( FractalEngineThread) completed in 2.339s.
01:49:18 [09/10/2014] - DEV - Thread-469 :: Engine Thread ( SuperSampleEngineThread) completed in 0.225s.
01:49:18 [09/10/2014] - DEV - Thread-461 :: Engine Thread ( RenderingEngineThread) completed in 0.74s.
01:49:18 [09/10/2014] - DEV - Thread-461 :: Engine Stopped
01:49:18 [09/10/2014] - DEV - Thread-33 :: Engine Starting
01:49:18 [09/10/2014] - DEV - Thread-468 :: Engine Thread ( RenderingEngineThread) completed in 0.383s.
01:49:18 [09/10/2014] - DEV - Thread-468 :: Engine Stopped
01:49:18 [09/10/2014] - DEV - Thread-33 :: Engine Starting
01:49:19 [09/10/2014] - DEV - Thread-479 :: Engine Thread ( FractalEngineThread) completed in 1.832s.
01:49:19 [09/10/2014] - DEV - Thread-476 :: Engine Thread ( SuperSampleEngineThread) completed in 0.175s.
01:49:19 [09/10/2014] - DEV - Thread-486 :: Engine Thread ( FractalEngineThread) completed in 1.673s.
01:49:20 [09/10/2014] - DEV - Thread-494 :: Engine Thread ( FractalEngineThread) completed in 1.594s.
01:49:20 [09/10/2014] - DEV - Thread-483 :: Engine Thread ( SuperSampleEngineThread) completed in 0.369s.
01:49:20 [09/10/2014] - DEV - Thread-490 :: Engine Thread ( SuperSampleEngineThread) completed in 0.378s.
01:49:20 [09/10/2014] - DEV - Thread-475 :: Engine Thread ( RenderingEngineThread) completed in 0.973s.
01:49:20 [09/10/2014] - DEV - Thread-475 :: Engine Stopped
01:49:20 [09/10/2014] - DEV - Thread-33 :: Engine Starting
01:49:20 [09/10/2014] - DEV - Thread-482 :: Engine Thread ( RenderingEngineThread) completed in 0.604s.
01:49:20 [09/10/2014] - DEV - Thread-482 :: Engine Stopped
01:49:20 [09/10/2014] - DEV - Thread-33 :: Engine Starting
01:49:20 [09/10/2014] - DEV - Thread-489 :: Engine Thread ( RenderingEngineThread) completed in 0.434s.
01:49:20 [09/10/2014] - DEV - Thread-489 :: Engine Stopped
01:49:20 [09/10/2014] - DEV - Thread-33 :: Engine Starting
01:49:22 [09/10/2014] - DEV - Thread-502 :: Engine Thread ( FractalEngineThread) completed in 1.583s.
01:49:22 [09/10/2014] - DEV - Thread-497 :: Engine Thread ( SuperSampleEngineThread) completed in 0.271s.
01:49:22 [09/10/2014] - DEV - Thread-509 :: Engine Thread ( FractalEngineThread) completed in 1.971s.
01:49:23 [09/10/2014] - DEV - Thread-514 :: Engine Thread ( FractalEngineThread) completed in 2.164s.
01:49:23 [09/10/2014] - DEV - Thread-496 :: Engine Thread ( RenderingEngineThread) completed in 0.683s.
01:49:23 [09/10/2014] - DEV - Thread-496 :: Engine Stopped
01:49:23 [09/10/2014] - DEV - Thread-33 :: Engine Starting
01:49:23 [09/10/2014] - DEV - Thread-504 :: Engine Thread ( SuperSampleEngineThread) completed in 0.375s.
01:49:23 [09/10/2014] - DEV - Thread-511 :: Engine Thread ( SuperSampleEngineThread) completed in 0.317s.
01:49:23 [09/10/2014] - DEV - Thread-503 :: Engine Thread ( RenderingEngineThread) completed in 0.472s.
01:49:23 [09/10/2014] - DEV - Thread-503 :: Engine Stopped
01:49:23 [09/10/2014] - DEV - Thread-33 :: Engine Starting
01:49:23 [09/10/2014] - DEV - Thread-510 :: Engine Thread ( RenderingEngineThread) completed in 0.343s.
01:49:23 [09/10/2014] - DEV - Thread-510 :: Engine Stopped
01:49:23 [09/10/2014] - DEV - Thread-33 :: Engine Starting
01:49:24 [09/10/2014] - DEV - Thread-521 :: Engine Thread ( FractalEngineThread) completed in 1.582s.
01:49:25 [09/10/2014] - DEV - Thread-518 :: Engine Thread ( SuperSampleEngineThread) completed in 0.225s.
01:49:25 [09/10/2014] - DEV - Thread-517 :: Engine Thread ( RenderingEngineThread) completed in 0.397s.
01:49:25 [09/10/2014] - DEV - Thread-517 :: Engine Stopped
01:49:25 [09/10/2014] - DEV - Thread-33 :: Engine Starting
01:49:25 [09/10/2014] - DEV - Thread-529 :: Engine Thread ( FractalEngineThread) completed in 1.767s.
01:49:25 [09/10/2014] - DEV - Thread-525 :: Engine Thread ( SuperSampleEngineThread) completed in 0.318s.
01:49:26 [09/10/2014] - DEV - Thread-536 :: Engine Thread ( FractalEngineThread) completed in 2.25s.
01:49:26 [09/10/2014] - DEV - Thread-532 :: Engine Thread ( SuperSampleEngineThread) completed in 0.197s.
01:49:26 [09/10/2014] - DEV - Thread-524 :: Engine Thread ( RenderingEngineThread) completed in 0.668s.
01:49:26 [09/10/2014] - DEV - Thread-524 :: Engine Stopped
01:49:26 [09/10/2014] - DEV - Thread-33 :: Engine Starting
01:49:26 [09/10/2014] - DEV - Thread-531 :: Engine Thread ( RenderingEngineThread) completed in 0.373s.
01:49:26 [09/10/2014] - DEV - Thread-531 :: Engine Stopped
01:49:26 [09/10/2014] - DEV - Thread-33 :: Engine Starting
01:49:27 [09/10/2014] - DEV - Thread-542 :: Engine Thread ( FractalEngineThread) completed in 2.208s.
01:49:27 [09/10/2014] - DEV - Thread-539 :: Engine Thread ( SuperSampleEngineThread) completed in 0.19s.
01:49:28 [09/10/2014] - DEV - Thread-556 :: Engine Thread ( FractalEngineThread) completed in 1.536s.
01:49:28 [09/10/2014] - DEV - Thread-538 :: Engine Thread ( RenderingEngineThread) completed in 0.487s.
01:49:28 [09/10/2014] - DEV - Thread-538 :: Engine Stopped
01:49:28 [09/10/2014] - DEV - Thread-33 :: Engine Starting
01:49:28 [09/10/2014] - DEV - Thread-553 :: Engine Thread ( SuperSampleEngineThread) completed in 0.251s.
01:49:28 [09/10/2014] - DEV - Thread-548 :: Engine Thread ( FractalEngineThread) completed in 2.154s.
01:49:28 [09/10/2014] - DEV - Thread-546 :: Engine Thread ( SuperSampleEngineThread) completed in 0.235s.
01:49:29 [09/10/2014] - DEV - Thread-552 :: Engine Thread ( RenderingEngineThread) completed in 0.621s.
01:49:29 [09/10/2014] - DEV - Thread-552 :: Engine Stopped
01:49:29 [09/10/2014] - DEV - Thread-33 :: Engine Starting
01:49:29 [09/10/2014] - DEV - Thread-545 :: Engine Thread ( RenderingEngineThread) completed in 0.369s.
01:49:29 [09/10/2014] - DEV - Thread-545 :: Engine Stopped
01:49:29 [09/10/2014] - DEV - Thread-33 :: Engine Starting
01:49:30 [09/10/2014] - DEV - Thread-564 :: Engine Thread ( FractalEngineThread) completed in 1.901s.
01:49:30 [09/10/2014] - DEV - Thread-560 :: Engine Thread ( SuperSampleEngineThread) completed in 0.242s.
01:49:30 [09/10/2014] - DEV - Thread-572 :: Engine Thread ( FractalEngineThread) completed in 1.84s.
01:49:31 [09/10/2014] - DEV - Thread-559 :: Engine Thread ( RenderingEngineThread) completed in 0.601s.
01:49:31 [09/10/2014] - DEV - Thread-559 :: Engine Stopped
01:49:31 [09/10/2014] - DEV - Thread-33 :: Engine Starting
01:49:31 [09/10/2014] - DEV - Thread-567 :: Engine Thread ( SuperSampleEngineThread) completed in 0.27s.
01:49:31 [09/10/2014] - DEV - Thread-576 :: Engine Thread ( FractalEngineThread) completed in 2.085s.
01:49:31 [09/10/2014] - DEV - Thread-574 :: Engine Thread ( SuperSampleEngineThread) completed in 0.188s.
01:49:31 [09/10/2014] - DEV - Thread-566 :: Engine Thread ( RenderingEngineThread) completed in 0.622s.
01:49:31 [09/10/2014] - DEV - Thread-566 :: Engine Stopped
01:49:31 [09/10/2014] - DEV - Thread-33 :: Engine Starting
01:49:31 [09/10/2014] - DEV - Thread-573 :: Engine Thread ( RenderingEngineThread) completed in 0.352s.
01:49:31 [09/10/2014] - DEV - Thread-573 :: Engine Stopped
01:49:31 [09/10/2014] - DEV - Thread-33 :: Engine Starting
01:49:32 [09/10/2014] - DEV - Thread-585 :: Engine Thread ( FractalEngineThread) completed in 1.798s.
01:49:33 [09/10/2014] - DEV - Thread-581 :: Engine Thread ( SuperSampleEngineThread) completed in 0.187s.
01:49:33 [09/10/2014] - DEV - Thread-591 :: Engine Thread ( FractalEngineThread) completed in 1.68s.
01:49:33 [09/10/2014] - DEV - Thread-580 :: Engine Thread ( RenderingEngineThread) completed in 0.543s.
01:49:33 [09/10/2014] - DEV - Thread-580 :: Engine Stopped
01:49:33 [09/10/2014] - DEV - Thread-33 :: Engine Starting
01:49:33 [09/10/2014] - DEV - Thread-588 :: Engine Thread ( SuperSampleEngineThread) completed in 0.313s.
01:49:34 [09/10/2014] - DEV - Thread-598 :: Engine Thread ( FractalEngineThread) completed in 2.168s.
01:49:34 [09/10/2014] - DEV - Thread-587 :: Engine Thread ( RenderingEngineThread) completed in 0.592s.
01:49:34 [09/10/2014] - DEV - Thread-587 :: Engine Stopped
01:49:34 [09/10/2014] - DEV - Thread-33 :: Engine Starting
01:49:34 [09/10/2014] - DEV - Thread-595 :: Engine Thread ( SuperSampleEngineThread) completed in 0.238s.
01:49:34 [09/10/2014] - DEV - Thread-594 :: Engine Thread ( RenderingEngineThread) completed in 0.518s.
01:49:34 [09/10/2014] - DEV - Thread-594 :: Engine Stopped
01:49:34 [09/10/2014] - DEV - Thread-33 :: Engine Starting
01:49:35 [09/10/2014] - DEV - Thread-605 :: Engine Thread ( FractalEngineThread) completed in 1.924s.
01:49:35 [09/10/2014] - DEV - Thread-602 :: Engine Thread ( SuperSampleEngineThread) completed in 0.179s.
01:49:35 [09/10/2014] - DEV - Thread-612 :: Engine Thread ( FractalEngineThread) completed in 1.638s.
01:49:36 [09/10/2014] - DEV - Thread-609 :: Engine Thread ( SuperSampleEngineThread) completed in 0.074s.
01:49:36 [09/10/2014] - DEV - Thread-601 :: Engine Thread ( RenderingEngineThread) completed in 0.503s.
01:49:36 [09/10/2014] - DEV - Thread-601 :: Engine Stopped
01:49:36 [09/10/2014] - DEV - Thread-33 :: Engine Starting
01:49:36 [09/10/2014] - DEV - Thread-608 :: Engine Thread ( RenderingEngineThread) completed in 0.371s.
01:49:36 [09/10/2014] - DEV - Thread-608 :: Engine Stopped
01:49:36 [09/10/2014] - DEV - Thread-33 :: Engine Starting
01:49:36 [09/10/2014] - DEV - Thread-621 :: Engine Thread ( FractalEngineThread) completed in 1.651s.
01:49:36 [09/10/2014] - DEV - Thread-616 :: Engine Thread ( SuperSampleEngineThread) completed in 0.292s.
01:49:37 [09/10/2014] - DEV - Thread-615 :: Engine Thread ( RenderingEngineThread) completed in 0.355s.
01:49:37 [09/10/2014] - DEV - Thread-615 :: Engine Stopped
01:49:37 [09/10/2014] - DEV - Thread-33 :: Engine Starting
01:49:38 [09/10/2014] - DEV - Thread-626 :: Engine Thread ( FractalEngineThread) completed in 1.762s.
01:49:38 [09/10/2014] - DEV - Thread-623 :: Engine Thread ( SuperSampleEngineThread) completed in 0.173s.
01:49:38 [09/10/2014] - DEV - Thread-635 :: Engine Thread ( FractalEngineThread) completed in 1.944s.
01:49:38 [09/10/2014] - DEV - Thread-630 :: Engine Thread ( SuperSampleEngineThread) completed in 0.225s.
01:49:38 [09/10/2014] - DEV - Thread-622 :: Engine Thread ( RenderingEngineThread) completed in 0.719s.
01:49:38 [09/10/2014] - DEV - Thread-622 :: Engine Stopped
01:49:38 [09/10/2014] - DEV - Thread-33 :: Engine Starting
01:49:39 [09/10/2014] - DEV - Thread-629 :: Engine Thread ( RenderingEngineThread) completed in 0.439s.
01:49:39 [09/10/2014] - DEV - Thread-629 :: Engine Stopped
01:49:39 [09/10/2014] - DEV - Thread-33 :: Engine Starting
01:49:39 [09/10/2014] - DEV - Thread-639 :: Engine Thread ( FractalEngineThread) completed in 2.031s.
01:49:39 [09/10/2014] - DEV - Thread-637 :: Engine Thread ( SuperSampleEngineThread) completed in 0.357s.
01:49:40 [09/10/2014] - DEV - Thread-636 :: Engine Thread ( RenderingEngineThread) completed in 0.62s.
01:49:40 [09/10/2014] - DEV - Thread-636 :: Engine Stopped
01:49:40 [09/10/2014] - DEV - Thread-33 :: Engine Starting
01:49:40 [09/10/2014] - DEV - Thread-653 :: Engine Thread ( FractalEngineThread) completed in 1.59s.
01:49:40 [09/10/2014] - DEV - Thread-651 :: Engine Thread ( SuperSampleEngineThread) completed in 0.185s.
01:49:40 [09/10/2014] - DEV - Thread-647 :: Engine Thread ( FractalEngineThread) completed in 2.084s.
01:49:41 [09/10/2014] - DEV - Thread-644 :: Engine Thread ( SuperSampleEngineThread) completed in 0.192s.
01:49:41 [09/10/2014] - DEV - Thread-650 :: Engine Thread ( RenderingEngineThread) completed in 0.705s.
01:49:41 [09/10/2014] - DEV - Thread-650 :: Engine Stopped
01:49:41 [09/10/2014] - DEV - Thread-33 :: Engine Starting
01:49:41 [09/10/2014] - DEV - Thread-643 :: Engine Thread ( RenderingEngineThread) completed in 0.478s.
01:49:41 [09/10/2014] - DEV - Thread-643 :: Engine Stopped
01:49:41 [09/10/2014] - DEV - Thread-33 :: Engine Starting
01:49:42 [09/10/2014] - DEV - Thread-660 :: Engine Thread ( FractalEngineThread) completed in 2.065s.
01:49:42 [09/10/2014] - DEV - Thread-658 :: Engine Thread ( SuperSampleEngineThread) completed in 0.352s.
01:49:43 [09/10/2014] - DEV - Thread-657 :: Engine Thread ( RenderingEngineThread) completed in 0.538s.
01:49:43 [09/10/2014] - DEV - Thread-657 :: Engine Stopped
01:49:43 [09/10/2014] - DEV - Thread-33 :: Engine Starting
01:49:43 [09/10/2014] - DEV - Thread-669 :: Engine Thread ( FractalEngineThread) completed in 1.879s.
01:49:43 [09/10/2014] - DEV - Thread-676 :: Engine Thread ( FractalEngineThread) completed in 1.992s.
01:49:43 [09/10/2014] - DEV - Thread-665 :: Engine Thread ( SuperSampleEngineThread) completed in 0.442s.
01:49:43 [09/10/2014] - DEV - Thread-672 :: Engine Thread ( SuperSampleEngineThread) completed in 0.324s.
01:49:44 [09/10/2014] - DEV - Thread-664 :: Engine Thread ( RenderingEngineThread) completed in 0.512s.
01:49:44 [09/10/2014] - DEV - Thread-664 :: Engine Stopped
01:49:44 [09/10/2014] - DEV - Thread-33 :: Engine Starting
01:49:44 [09/10/2014] - DEV - Thread-671 :: Engine Thread ( RenderingEngineThread) completed in 0.386s.
01:49:44 [09/10/2014] - DEV - Thread-671 :: Engine Stopped
01:49:44 [09/10/2014] - DEV - Thread-33 :: Engine Starting
01:49:45 [09/10/2014] - DEV - Thread-681 :: Engine Thread ( FractalEngineThread) completed in 2.234s.
01:49:45 [09/10/2014] - DEV - Thread-679 :: Engine Thread ( SuperSampleEngineThread) completed in 0.27s.
01:49:46 [09/10/2014] - DEV - Thread-678 :: Engine Thread ( RenderingEngineThread) completed in 0.445s.
01:49:46 [09/10/2014] - DEV - Thread-678 :: Engine Stopped
01:49:46 [09/10/2014] - DEV - Thread-33 :: Engine Starting
01:49:46 [09/10/2014] - DEV - Thread-688 :: Engine Thread ( FractalEngineThread) completed in 1.857s.
01:49:46 [09/10/2014] - DEV - Thread-686 :: Engine Thread ( SuperSampleEngineThread) completed in 0.259s.
01:49:46 [09/10/2014] - DEV - Thread-697 :: Engine Thread ( FractalEngineThread) completed in 2.296s.
01:49:46 [09/10/2014] - DEV - Thread-693 :: Engine Thread ( SuperSampleEngineThread) completed in 0.082s.
01:49:46 [09/10/2014] - DEV - Thread-685 :: Engine Thread ( RenderingEngineThread) completed in 0.496s.
01:49:46 [09/10/2014] - DEV - Thread-685 :: Engine Stopped
01:49:46 [09/10/2014] - DEV - Thread-33 :: Engine Starting
01:49:47 [09/10/2014] - DEV - Thread-692 :: Engine Thread ( RenderingEngineThread) completed in 0.371s.
01:49:47 [09/10/2014] - DEV - Thread-692 :: Engine Stopped
01:49:47 [09/10/2014] - DEV - Thread-33 :: Engine Starting
01:49:47 [09/10/2014] - DEV - Thread-702 :: Engine Thread ( FractalEngineThread) completed in 1.864s.
01:49:48 [09/10/2014] - DEV - Thread-700 :: Engine Thread ( SuperSampleEngineThread) completed in 0.203s.
01:49:48 [09/10/2014] - DEV - Thread-699 :: Engine Thread ( RenderingEngineThread) completed in 0.392s.
01:49:48 [09/10/2014] - DEV - Thread-699 :: Engine Stopped
01:49:48 [09/10/2014] - DEV - Thread-33 :: Engine Starting
01:49:48 [09/10/2014] - DEV - Thread-710 :: Engine Thread ( FractalEngineThread) completed in 1.621s.
01:49:48 [09/10/2014] - DEV - Thread-707 :: Engine Thread ( SuperSampleEngineThread) completed in 0.318s.
01:49:49 [09/10/2014] - DEV - Thread-718 :: Engine Thread ( FractalEngineThread) completed in 2.135s.
01:49:49 [09/10/2014] - DEV - Thread-706 :: Engine Thread ( RenderingEngineThread) completed in 0.593s.
01:49:49 [09/10/2014] - DEV - Thread-706 :: Engine Stopped
01:49:49 [09/10/2014] - DEV - Thread-714 :: Engine Thread ( SuperSampleEngineThread) completed in 0.241s.
01:49:49 [09/10/2014] - DEV - Thread-33 :: Engine Starting
01:49:49 [09/10/2014] - DEV - Thread-713 :: Engine Thread ( RenderingEngineThread) completed in 0.388s.
01:49:49 [09/10/2014] - DEV - Thread-713 :: Engine Stopped
01:49:50 [09/10/2014] - DEV - Thread-723 :: Engine Thread ( FractalEngineThread) completed in 1.817s.
01:49:50 [09/10/2014] - DEV - Thread-721 :: Engine Thread ( SuperSampleEngineThread) completed in 0.224s.
01:49:50 [09/10/2014] - DEV - Thread-720 :: Engine Thread ( RenderingEngineThread) completed in 0.281s.
01:49:50 [09/10/2014] - DEV - Thread-720 :: Engine Stopped
01:49:50 [09/10/2014] - DEV - Thread-732 :: Engine Thread ( FractalEngineThread) completed in 1.29s.
01:49:51 [09/10/2014] - DEV - Thread-728 :: Engine Thread ( SuperSampleEngineThread) completed in 0.201s.
01:49:51 [09/10/2014] - DEV - Thread-727 :: Engine Thread ( RenderingEngineThread) completed in 0.247s.
01:49:51 [09/10/2014] - DEV - Thread-727 :: Engine Stopped
01:49:51 [09/10/2014] - DEV - Thread-33 :: Engine Thread ( MultipleRenderThread) completed in 86.837s.
01:49:54 [09/10/2014] - DEV - Thread-32 :: Engine Thread ( GifRenderThread) completed in 3.017s.
01:49:54 [09/10/2014] - DEV - Thread-32 :: Engine Stopped
